Reading netlist file: "D:\Documents\University of Bath\Education\Year 1\Semester 2\EE10169-Digital Electronics\Coursework\Trial_1\impl\gwsynthesis\Trial_1.vg"
Parsing netlist file "D:\Documents\University of Bath\Education\Year 1\Semester 2\EE10169-Digital Electronics\Coursework\Trial_1\impl\gwsynthesis\Trial_1.vg" completed
Processing netlist completed
Reading constraint file: "D:\Documents\University of Bath\Education\Year 1\Semester 2\EE10169-Digital Electronics\Coursework\Trial_1\src\Trial_1.cst"
Physical Constraint parsed completed
Running placement......
[10%] Placement Phase 0 completed
[20%] Placement Phase 1 completed
[30%] Placement Phase 2 completed
[50%] Placement Phase 3 completed
Running routing......
[60%] Routing Phase 0 completed
[70%] Routing Phase 1 completed
[80%] Routing Phase 2 completed
WARN  (PR1014) : Generic routing resource will be used to clock signal 'CLK_d' by the specified constraint. And then it may lead to the excessive delay or skew
[90%] Routing Phase 3 completed
Running timing analysis......
[95%] Timing analysis completed
Placement and routing completed
Bitstream generation in progress......
Bitstream generation completed
Running power analysis......
[100%] Power analysis completed
Generate file "D:\Documents\University of Bath\Education\Year 1\Semester 2\EE10169-Digital Electronics\Coursework\Trial_1\impl\pnr\Trial_1.power.html" completed
Generate file "D:\Documents\University of Bath\Education\Year 1\Semester 2\EE10169-Digital Electronics\Coursework\Trial_1\impl\pnr\Trial_1.pin.html" completed
Generate file "D:\Documents\University of Bath\Education\Year 1\Semester 2\EE10169-Digital Electronics\Coursework\Trial_1\impl\pnr\Trial_1.rpt.html" completed
Generate file "D:\Documents\University of Bath\Education\Year 1\Semester 2\EE10169-Digital Electronics\Coursework\Trial_1\impl\pnr\Trial_1.rpt.txt" completed
Generate file "D:\Documents\University of Bath\Education\Year 1\Semester 2\EE10169-Digital Electronics\Coursework\Trial_1\impl\pnr\Trial_1.tr.html" completed
Tue May 03 14:14:25 2022

