GowinSynthesis start
Running parser ...
Analyzing Verilog file 'D:\Documents\University of Bath\Education\Year 1\Semester 2\EE10169-Digital Electronics\Coursework\Trial_1\src\Trial_1.sv'
Compiling module 'DataSniffer'("D:\Documents\University of Bath\Education\Year 1\Semester 2\EE10169-Digital Electronics\Coursework\Trial_1\src\Trial_1.sv":1)
NOTE  (EX0101) : Current top module is "DataSniffer"
[5%] Running netlist conversion ...
Running device independent optimization ...
[10%] Optimizing Phase 0 completed
[15%] Optimizing Phase 1 completed
[25%] Optimizing Phase 2 completed
Running inference ...
[30%] Inferring Phase 0 completed
[40%] Inferring Phase 1 completed
[50%] Inferring Phase 2 completed
[55%] Inferring Phase 3 completed
Running technical mapping ...
[60%] Tech-Mapping Phase 0 completed
[65%] Tech-Mapping Phase 1 completed
[75%] Tech-Mapping Phase 2 completed
[80%] Tech-Mapping Phase 3 completed
[90%] Tech-Mapping Phase 4 completed
[95%] Generate netlist file "D:\Documents\University of Bath\Education\Year 1\Semester 2\EE10169-Digital Electronics\Coursework\Trial_1\impl\gwsynthesis\Trial_1.vg" completed
[100%] Generate report file "D:\Documents\University of Bath\Education\Year 1\Semester 2\EE10169-Digital Electronics\Coursework\Trial_1\impl\gwsynthesis\Trial_1_syn.rpt.html" completed
GowinSynthesis finish
